<?xml version="1.0" encoding="UTF-8"?>
<testng-results ignored="0" total="2" passed="2" failed="0" skipped="0">
  <reporter-output>
  </reporter-output>
  <suite started-at="2021-10-01T14:42:05Z" name="Suite" finished-at="2021-10-01T14:42:13Z" duration-ms="8047">
    <groups>
    </groups>
    <test started-at="2021-10-01T14:42:05Z" name="Test" finished-at="2021-10-01T14:42:13Z" duration-ms="8047">
      <class name="Testng.SeleniumSetup.Setup">
        <test-method is-config="true" signature="setup()[pri:0, instance:Testng.SeleniumSetup.Setup@7cb502c]" started-at="2021-10-01T14:42:05Z" name="setup" finished-at="2021-10-01T14:42:09Z" duration-ms="4135" status="PASS">
          <reporter-output>
          </reporter-output>
        </test-method> <!-- setup -->
        <test-method signature="navigate_to_homepage_click_on_getstarted()[pri:1, instance:Testng.SeleniumSetup.Setup@7cb502c]" started-at="2021-10-01T14:42:09Z" name="navigate_to_homepage_click_on_getstarted" finished-at="2021-10-01T14:42:12Z" duration-ms="3371" status="PASS">
          <reporter-output>
          </reporter-output>
        </test-method> <!-- navigate_to_homepage_click_on_getstarted -->
        <test-method signature="enter_userDetails()[pri:2, instance:Testng.SeleniumSetup.Setup@7cb502c]" started-at="2021-10-01T14:42:12Z" name="enter_userDetails" finished-at="2021-10-01T14:42:13Z" duration-ms="501" status="PASS">
          <reporter-output>
          </reporter-output>
        </test-method> <!-- enter_userDetails -->
      </class> <!-- Testng.SeleniumSetup.Setup -->
    </test> <!-- Test -->
  </suite> <!-- Suite -->
</testng-results>
